-------------------------------------------------------------------------------
Test set: GQTest
-------------------------------------------------------------------------------
Tests run: 16, Failures: 1, Errors: 0, Skipped: 0, Time elapsed: 0.102 s <<< FAILURE! - in GQTest
addOneParamTest  Time elapsed: 0.014 s  <<< FAILURE!
org.opentest4j.AssertionFailedError: add() wrong elements ==> expected: <true> but was: <false>
	at GQTest.addOneParamTest(GQTest.java:36)

