<?xml version="1.0" encoding="UTF-8"?>
<testsuite xmlns:xsi="http://www.w3.org/2001/XMLSchema-instance" xsi:noNamespaceSchemaLocation="https://maven.apache.org/surefire/maven-surefire-plugin/xsd/surefire-test-report.xsd" name="HMTest" time="0" tests="7" errors="0" skipped="0" failures="4">
  <properties>
[...]
</properties>
  <testcase name="isEmptyTest" classname="HMTest" time="0"/>
  <testcase name="putTest" classname="HMTest" time="0">
    <failure message="put() wrong value ==&gt; expected: &lt;10&gt; but was: &lt;null&gt;" type="org.opentest4j.AssertionFailedError"><![CDATA[org.opentest4j.AssertionFailedError: put() wrong value ==> expected: <10> but was: <null>
	at HMTest.putTest(HMTest.java:33)
]]></failure>
  </testcase>
  <testcase name="constructorTest1" classname="HMTest" time="0">
    <failure message="constructor wrong value ==&gt; expected: &lt;10&gt; but was: &lt;null&gt;" type="org.opentest4j.AssertionFailedError"><![CDATA[org.opentest4j.AssertionFailedError: constructor wrong value ==> expected: <10> but was: <null>
	at HMTest.constructorTest1(HMTest.java:12)
]]></failure>
  </testcase>
  <testcase name="constructorTest2" classname="HMTest" time="0">
    <failure message="constructor wrong value ==&gt; expected: &lt;8&gt; but was: &lt;null&gt;" type="org.opentest4j.AssertionFailedError"><![CDATA[org.opentest4j.AssertionFailedError: constructor wrong value ==> expected: <8> but was: <null>
	at HMTest.constructorTest2(HMTest.java:21)
]]></failure>
  </testcase>
  <testcase name="forEachTest" classname="HMTest" time="0"/>
  <testcase name="replaceTest" classname="HMTest" time="0">
    <failure message="replace() wrong value ==&gt; expected: &lt;7&gt; but was: &lt;null&gt;" type="org.opentest4j.AssertionFailedError"><![CDATA[org.opentest4j.AssertionFailedError: replace() wrong value ==> expected: <7> but was: <null>
	at HMTest.replaceTest(HMTest.java:74)
]]></failure>
  </testcase>
  <testcase name="sizeTest" classname="HMTest" time="0"/>
</testsuite>