<?xml version="1.0" encoding="UTF-8"?>
<testsuite xmlns:xsi="http://www.w3.org/2001/XMLSchema-instance" xsi:noNamespaceSchemaLocation="https://maven.apache.org/surefire/maven-surefire-plugin/xsd/surefire-test-report.xsd" name="GQTest" time="0.102" tests="16" errors="0" skipped="0" failures="1">
  <properties>
[...]
</properties>
  <testcase name="constructorTwoParam" classname="GQTest" time="0.049"/>
  <testcase name="constructorOneParam" classname="GQTest" time="0"/>
  <testcase name="getTest" classname="GQTest" time="0"/>
  <testcase name="forEachTest" classname="GQTest" time="0.002"/>
  <testcase name="addTwoParamTest" classname="GQTest" time="0"/>
  <testcase name="reverseIteratorTest" classname="GQTest" time="0.002"/>
  <testcase name="addOneParamTest" classname="GQTest" time="0.014">
    <failure message="add() wrong elements ==&gt; expected: &lt;true&gt; but was: &lt;false&gt;" type="org.opentest4j.AssertionFailedError"><![CDATA[org.opentest4j.AssertionFailedError: add() wrong elements ==> expected: <true> but was: <false>
	at GQTest.addOneParamTest(GQTest.java:36)
]]></failure>
  </testcase>
  <testcase name="dequeueTest" classname="GQTest" time="0.003"/>
  <testcase name="getLengthTest" classname="GQTest" time="0"/>
  <testcase name="setHeadTest" classname="GQTest" time="0"/>
  <testcase name="getHeadTest" classname="GQTest" time="0.004"/>
  <testcase name="dumpListTest" classname="GQTest" time="0.001"/>
  <testcase name="enqueueTest" classname="GQTest" time="0"/>
  <testcase name="setLengthTest" classname="GQTest" time="0.002"/>
  <testcase name="deleteTest" classname="GQTest" time="0"/>
  <testcase name="setTest" classname="GQTest" time="0"/>
</testsuite>